<?xml version="1.0" encoding="UTF-8"?>
<!-- Generated by org.testng.reporters.JUnitReportReporter -->
<testsuite hostname="Taslim" failures="0" tests="1" name="auto.AutoTest" time="11.827" errors="0" timestamp="2023-06-22T16:11:16 EDT" skipped="0">
  <testcase classname="auto.AutoTest" name="getA_Quote" time="11.827"/>
  <system-out/>
</testsuite> <!-- auto.AutoTest -->
