<?xml version="1.0" encoding="UTF-8"?>
<!-- Generated by org.testng.reporters.JUnitReportReporter -->
<testsuite hostname="Taslim" failures="0" tests="2" name="misc.LinearScripting" time="12.363" errors="0" timestamp="2023-06-14T21:34:52 EDT" skipped="0">
  <testcase classname="misc.LinearScripting" name="testAllstateClamOverview" time="5.926"/>
  <system-out/>
  <testcase classname="misc.LinearScripting" name="testAllstateQuitTitle" time="6.437"/>
  <system-out/>
</testsuite> <!-- misc.LinearScripting -->
