<?xml version="1.0" encoding="UTF-8"?>
<!-- Generated by org.testng.reporters.JUnitReportReporter -->
<testsuite hostname="Taslim" failures="0" tests="1" name="misc.UnitTests" time="0.017" errors="0" timestamp="2023-06-15T17:15:17 EDT" skipped="0">
  <testcase classname="misc.UnitTests" name="configurationUnitTest" time="0.017"/>
  <system-out/>
</testsuite> <!-- misc.UnitTests -->
